<?xml version="1.0" encoding="UTF-8"?>
<testsuite name="TestFlatMap" tests="2" skipped="0" failures="0" errors="0" timestamp="2019-12-02T06:57:21" hostname="C02Z800DNCM3" time="0.027">
  <properties/>
  <testcase name="testGetOrderedProductsSet" classname="TestFlatMap" time="0.026"/>
  <testcase name="testGetAllOrderedProducts" classname="TestFlatMap" time="0.001"/>
  <system-out><![CDATA[]]></system-out>
  <system-err><![CDATA[]]></system-err>
</testsuite>
