<?xml version="1.0" encoding="UTF-8"?>
<testsuite name="TestIntroduction" tests="1" skipped="0" failures="0" errors="0" timestamp="2019-12-02T06:17:39" hostname="C02Z800DNCM3" time="0.028">
  <properties/>
  <testcase name="testSetOfCustomers" classname="TestIntroduction" time="0.028"/>
  <system-out><![CDATA[]]></system-out>
  <system-err><![CDATA[]]></system-err>
</testsuite>
