<?xml version="1.0" encoding="UTF-8"?>
<testsuite name="TestNamedArguments" tests="1" skipped="0" failures="0" errors="0" timestamp="2019-11-28T14:06:56" hostname="C02Z800DNCM3" time="0.039">
  <properties/>
  <testcase name="testJoinToString" classname="TestNamedArguments" time="0.039"/>
  <system-out><![CDATA[]]></system-out>
  <system-err><![CDATA[]]></system-err>
</testsuite>
