<?xml version="1.0" encoding="UTF-8"?>
<testsuite name="TestComparison" tests="2" skipped="0" failures="0" errors="0" timestamp="2019-11-29T03:01:23" hostname="C02Z800DNCM3" time="0.007">
  <properties/>
  <testcase name="testAfter" classname="TestComparison" time="0.007"/>
  <testcase name="testBefore" classname="TestComparison" time="0.0"/>
  <system-out><![CDATA[]]></system-out>
  <system-err><![CDATA[]]></system-err>
</testsuite>
