<?xml version="1.0" encoding="UTF-8"?>
<testsuite name="TestSum" tests="1" skipped="0" failures="0" errors="0" timestamp="2019-12-02T07:33:12" hostname="C02Z800DNCM3" time="0.032">
  <properties/>
  <testcase name="testGetTotalOrderPrice" classname="TestSum" time="0.032"/>
  <system-out><![CDATA[]]></system-out>
  <system-err><![CDATA[]]></system-err>
</testsuite>
