<?xml version="1.0" encoding="UTF-8"?>
<testsuite name="TestInRange" tests="3" skipped="0" failures="0" errors="0" timestamp="2019-11-29T03:13:09" hostname="C02Z800DNCM3" time="0.012">
  <properties/>
  <testcase name="testAfter" classname="TestInRange" time="0.011"/>
  <testcase name="testBefore" classname="TestInRange" time="0.001"/>
  <testcase name="testInRange" classname="TestInRange" time="0.0"/>
  <system-out><![CDATA[]]></system-out>
  <system-err><![CDATA[]]></system-err>
</testsuite>
