<?xml version="1.0" encoding="UTF-8"?>
<testsuite name="TestObjectExpressions" tests="1" skipped="0" failures="0" errors="0" timestamp="2019-11-28T18:02:32" hostname="C02Z800DNCM3" time="0.031">
  <properties/>
  <testcase name="testSort" classname="TestObjectExpressions" time="0.031"/>
  <system-out><![CDATA[]]></system-out>
  <system-err><![CDATA[]]></system-err>
</testsuite>
