<?xml version="1.0" encoding="UTF-8"?>
<testsuite name="TestLambdas" tests="2" skipped="0" failures="0" errors="0" timestamp="2019-11-28T14:11:52" hostname="C02Z800DNCM3" time="0.027">
  <properties/>
  <testcase name="contains" classname="TestLambdas" time="0.026"/>
  <testcase name="notContains" classname="TestLambdas" time="0.0"/>
  <system-out><![CDATA[]]></system-out>
  <system-err><![CDATA[]]></system-err>
</testsuite>
