<?xml version="1.0" encoding="UTF-8"?>
<testsuite name="TestForLoop" tests="2" skipped="0" failures="0" errors="0" timestamp="2019-12-02T06:07:05" hostname="C02Z800DNCM3" time="0.034">
  <properties/>
  <testcase name="testIterateOverDateRange" classname="TestForLoop" time="0.033"/>
  <testcase name="testIterateOverEmptyRange" classname="TestForLoop" time="0.0"/>
  <system-out><![CDATA[]]></system-out>
  <system-err><![CDATA[]]></system-err>
</testsuite>
