<?xml version="1.0" encoding="UTF-8"?>
<testsuite name="TestExtensionFunctions" tests="2" skipped="0" failures="0" errors="0" timestamp="2019-11-28T17:32:52" hostname="C02Z800DNCM3" time="0.004">
  <properties/>
  <testcase name="testPairExtension" classname="TestExtensionFunctions" time="0.004"/>
  <testcase name="testIntExtension" classname="TestExtensionFunctions" time="0.0"/>
  <system-out><![CDATA[]]></system-out>
  <system-err><![CDATA[]]></system-err>
</testsuite>
