<?xml version="1.0" encoding="UTF-8"?>
<testsuite name="TestRangeTo" tests="1" skipped="0" failures="0" errors="0" timestamp="2019-11-29T05:26:33" hostname="C02Z800DNCM3" time="0.004">
  <properties/>
  <testcase name="testInRange" classname="TestRangeTo" time="0.004"/>
  <system-out><![CDATA[]]></system-out>
  <system-err><![CDATA[]]></system-err>
</testsuite>
