<?xml version="1.0" encoding="UTF-8"?>
<testsuite name="TestExtensionsOnCollections" tests="4" skipped="0" failures="0" errors="0" timestamp="2019-12-02T10:08:26" hostname="C02Z800DNCM3" time="0.015">
  <properties/>
  <testcase name="testSimpleCollection" classname="TestExtensionsOnCollections" time="0.015"/>
  <testcase name="testCollectionWithEmptyStrings" classname="TestExtensionsOnCollections" time="0.0"/>
  <testcase name="testCollectionWithTwoGroupsOfMaximalSize" classname="TestExtensionsOnCollections" time="0.0"/>
  <testcase name="testCollectionOfOneElement" classname="TestExtensionsOnCollections" time="0.0"/>
  <system-out><![CDATA[]]></system-out>
  <system-err><![CDATA[]]></system-err>
</testsuite>
