<?xml version="1.0" encoding="UTF-8"?>
<testsuite name="TestGroupBy" tests="1" skipped="0" failures="0" errors="0" timestamp="2019-12-02T07:36:59" hostname="C02Z800DNCM3" time="0.026">
  <properties/>
  <testcase name="testGroupCustomersByCity" classname="TestGroupBy" time="0.026"/>
  <system-out><![CDATA[]]></system-out>
  <system-err><![CDATA[]]></system-err>
</testsuite>
