<?xml version="1.0" encoding="UTF-8"?>
<testsuite name="K_Compound_Tasks" tests="2" skipped="0" failures="0" errors="0" timestamp="2019-12-02T10:03:57" hostname="C02Z800DNCM3" time="0.027">
  <properties/>
  <testcase name="testNumberOfTimesEachProductWasOrdered" classname="K_Compound_Tasks" time="0.026"/>
  <testcase name="testMostExpensiveDeliveredProduct" classname="K_Compound_Tasks" time="0.0"/>
  <system-out><![CDATA[]]></system-out>
  <system-err><![CDATA[]]></system-err>
</testsuite>
